Started GET "/" for ::1 at 2022-02-24 14:51:48 +0900
Processing by StaticPagesController#home as HTML
  Rendering static_pages/home.html.erb within layouts/application
  Rendered static_pages/home.html.erb within layouts/application (1.1ms)
Completed 200 OK in 1049ms (Views: 931.3ms)


Started GET "/" for ::1 at 2022-02-24 15:10:06 +0900
Processing by StaticPagesController#home as HTML
  Rendering static_pages/home.html.erb within layouts/application
  Rendered static_pages/home.html.erb within layouts/application (2.2ms)
Completed 200 OK in 647ms (Views: 336.0ms)


Started GET "/" for ::1 at 2022-02-24 15:18:15 +0900
Processing by StaticPagesController#home as HTML
  Rendering static_pages/home.html.erb within layouts/application
  Rendered static_pages/home.html.erb within layouts/application (7.7ms)
Completed 500 Internal Server Error in 15ms


  
ActionView::Template::Error (The asset "rails.png" is not present in the asset pipeline.
):
    10:   <%= link_to "Sign up now!", '#', class: "btn btn-lg btn-primary" %>
    11: </div>
    12: 
    13: <%= link_to image_tag("rails.png", alt: "Rails logo"),
    14:             'http://rubyonrails.org/' %>
  
app/views/static_pages/home.html.erb:13:in `_app_views_static_pages_home_html_erb__3445812757056813848_70305169160520'
Started GET "/" for ::1 at 2022-02-24 15:19:07 +0900
Processing by StaticPagesController#home as HTML
  Rendering static_pages/home.html.erb within layouts/application
  Rendered static_pages/home.html.erb within layouts/application (58.3ms)
Completed 200 OK in 119ms (Views: 116.3ms)


Started GET "/" for ::1 at 2022-02-24 15:31:44 +0900
Processing by StaticPagesController#home as HTML
  Rendering static_pages/home.html.erb within layouts/application
  Rendered static_pages/home.html.erb within layouts/application (1.8ms)
Completed 500 Internal Server Error in 56ms


  
ActionView::Template::Error (File to import not found or unreadable: bootstrap-sprockets.
Load paths:
  /Users/kszuki.oda/sample/app/assets/config
  /Users/kszuki.oda/sample/app/assets/images
  /Users/kszuki.oda/sample/app/assets/javascripts
  /Users/kszuki.oda/sample/app/assets/stylesheets
  /Users/kszuki.oda/sample/vendor/bundle/ruby/2.6.0/gems/jquery-rails-4.3.1/vendor/assets/javascripts
  /Users/kszuki.oda/sample/vendor/bundle/ruby/2.6.0/gems/coffee-rails-4.2.2/lib/assets/javascripts
  /Users/kszuki.oda/sample/vendor/bundle/ruby/2.6.0/gems/actioncable-5.1.2/lib/assets/compiled
  /Users/kszuki.oda/sample/vendor/bundle/ruby/2.6.0/gems/actionview-5.1.2/lib/assets/compiled
  /Users/kszuki.oda/sample/vendor/bundle/ruby/2.6.0/gems/turbolinks-source-5.2.0/lib/assets/javascripts
  /Users/kszuki.oda/sample/node_modules):
    3:   <head>
    4:     <title><%= full_title(yield(:title)) %></title>
    5:     <%= csrf_meta_tags %>
    6:     <%= stylesheet_link_tag    'application', media: 'all',
    7:                                'data-turbolinks-track': 'reload' %>
    8:     <%= javascript_include_tag 'application',
    9:                                'data-turbolinks-track': 'reload' %>
  
app/assets/stylesheets/custom.scss:1
app/views/layouts/application.html.erb:6:in `_app_views_layouts_application_html_erb__3522417146182297195_70305304071080'
Started GET "/" for ::1 at 2022-02-24 15:33:56 +0900
Processing by StaticPagesController#home as HTML
  Rendering static_pages/home.html.erb within layouts/application
  Rendered static_pages/home.html.erb within layouts/application (3445.7ms)
Completed 200 OK in 3622ms (Views: 3499.1ms)


Started GET "/" for ::1 at 2022-02-24 15:44:15 +0900
Processing by StaticPagesController#home as HTML
  Rendering static_pages/home.html.erb within layouts/application
  Rendered static_pages/home.html.erb within layouts/application (11.1ms)
Completed 200 OK in 1916ms (Views: 1914.0ms)


Started GET "/" for ::1 at 2022-02-24 15:44:17 +0900
Processing by StaticPagesController#home as HTML
  Rendering static_pages/home.html.erb within layouts/application
  Rendered static_pages/home.html.erb within layouts/application (2.0ms)
Completed 200 OK in 34ms (Views: 32.0ms)


Started GET "/" for ::1 at 2022-02-24 15:51:19 +0900
Processing by StaticPagesController#home as HTML
  Rendering static_pages/home.html.erb within layouts/application
  Rendered static_pages/home.html.erb within layouts/application (2.2ms)
Completed 200 OK in 1869ms (Views: 1867.0ms)


Started GET "/" for ::1 at 2022-02-24 15:52:07 +0900
Processing by StaticPagesController#home as HTML
  Rendering static_pages/home.html.erb within layouts/application
  Rendered static_pages/home.html.erb within layouts/application (1.9ms)
Completed 200 OK in 1809ms (Views: 1806.5ms)


Started GET "/" for ::1 at 2022-02-24 15:52:09 +0900
Processing by StaticPagesController#home as HTML
  Rendering static_pages/home.html.erb within layouts/application
  Rendered static_pages/home.html.erb within layouts/application (1.9ms)
Completed 200 OK in 35ms (Views: 33.4ms)


Started GET "/" for ::1 at 2022-02-24 16:06:04 +0900
Processing by StaticPagesController#home as HTML
  Rendering static_pages/home.html.erb within layouts/application
  Rendered static_pages/home.html.erb within layouts/application (2.0ms)
  Rendered layouts/_shim.html.erb (0.2ms)
  Rendered layouts/_header.html.erb (0.3ms)
Completed 200 OK in 27ms (Views: 25.2ms)


Started GET "/" for ::1 at 2022-02-24 16:06:06 +0900
Processing by StaticPagesController#home as HTML
  Rendering static_pages/home.html.erb within layouts/application
  Rendered static_pages/home.html.erb within layouts/application (1.9ms)
  Rendered layouts/_shim.html.erb (0.3ms)
  Rendered layouts/_header.html.erb (0.3ms)
Completed 200 OK in 28ms (Views: 25.6ms)


Started GET "/" for ::1 at 2022-02-24 16:06:07 +0900
Processing by StaticPagesController#home as HTML
  Rendering static_pages/home.html.erb within layouts/application
  Rendered static_pages/home.html.erb within layouts/application (3.1ms)
  Rendered layouts/_shim.html.erb (0.2ms)
  Rendered layouts/_header.html.erb (0.6ms)
Completed 200 OK in 37ms (Views: 35.5ms)


Started GET "/" for ::1 at 2022-02-24 16:06:28 +0900
Processing by StaticPagesController#home as HTML
  Rendering static_pages/home.html.erb within layouts/application
  Rendered static_pages/home.html.erb within layouts/application (2.0ms)
  Rendered layouts/_shim.html.erb (0.2ms)
  Rendered layouts/_header.html.erb (0.3ms)
  Rendered layouts/_footer.html.erb (0.4ms)
Completed 200 OK in 29ms (Views: 26.4ms)


Started GET "/" for ::1 at 2022-02-24 16:06:57 +0900
Processing by StaticPagesController#home as HTML
  Rendering static_pages/home.html.erb within layouts/application
  Rendered static_pages/home.html.erb within layouts/application (1.9ms)
  Rendered layouts/_shim.html.erb (0.3ms)
  Rendered layouts/_header.html.erb (0.4ms)
  Rendered layouts/_footer.html.erb (0.4ms)
Completed 200 OK in 1702ms (Views: 1699.8ms)


Started GET "/" for ::1 at 2022-02-24 16:16:26 +0900
Processing by StaticPagesController#home as HTML
  Rendering static_pages/home.html.erb within layouts/application
  Rendered static_pages/home.html.erb within layouts/application (2.4ms)
  Rendered layouts/_shim.html.erb (0.3ms)
  Rendered layouts/_header.html.erb (0.4ms)
  Rendered layouts/_footer.html.erb (0.2ms)
Completed 200 OK in 37ms (Views: 33.9ms)


